[2024-12-22 18:01:29] INFO: Serverul este deschis!
[2024-12-22 18:01:29] INFO: Listening on port 8080

[2024-12-22 18:01:35] INFO: Cererea 'd97a' a fost procesta!
[2024-12-22 18:01:35] INFO: Se cauta adresa IP pentru domeniul: altex.ro
[2024-12-22 18:01:35] INFO: Se cauta raspunsul in cache...
[2024-12-22 18:01:35] ERROR: Raspunsul nu a fost gasit in cache!
[2024-12-22 18:01:35] INFO: Se cauta raspunsul in fiserele de zona...
[2024-12-22 18:01:35] INFO: Raspunsul a fost gasit in zona!
[2024-12-22 18:01:35] INFO: Se adauga domeniul altex.ro - "A" in cache...
[2024-12-22 18:01:35] INFO: Adresa gasita: 183.94.232.93 

[2024-12-22 18:01:50] INFO: Cererea '7ae9' a fost procesta!
[2024-12-22 18:01:50] INFO: Cererea www.altex.ro este un subdomeniu
[2024-12-22 18:01:50] INFO: Se cauta adresa IP pentru subdomeniul: www.altex.ro
[2024-12-22 18:01:50] INFO: Se cauta raspunsul in cache...
[2024-12-22 18:01:50] ERROR: Raspunsul nu a fost gasit in cache!
[2024-12-22 18:01:50] INFO: Domeniul principal este altex.ro
[2024-12-22 18:01:50] INFO: Se cauta raspunsul in fiserele de zona...
[2024-12-22 18:01:50] INFO: Raspunsul a fost gasit in zona!
[2024-12-22 18:01:50] INFO: Se adauga domeniul www.altex.ro - "A" in cache...
[2024-12-22 18:01:50] INFO: Adresa gasita: 126.255.30.228 

[2024-12-22 18:02:08] INFO: Cererea '9699' a fost procesta!
[2024-12-22 18:02:08] INFO: Cererea www.altex.ro este un subdomeniu
[2024-12-22 18:02:08] INFO: Se cauta adresa IP pentru subdomeniul: www.altex.ro
[2024-12-22 18:02:08] INFO: Se caută raspunsul in cache
[2024-12-22 18:02:08] INFO: Domeniul principal este altex.ro
[2024-12-22 18:02:08] INFO: Se cauta raspunsul in fiserele de zona...
[2024-12-22 18:02:08] ERROR: Raspunsul nu a fost gasit in fisierele de zona!
[2024-12-22 18:02:08] INFO: Se cauta raspunsul in serverul Google...
[2024-12-22 18:02:08] INFO: Raspunsul a fost gasit in serverul Google
[2024-12-22 18:02:08] INFO: Se adauga domeniul www.altex.ro - "TXT" in cache...
[2024-12-22 18:02:08] INFO: Adresa gasita: 'google-site-verification=1RurS6EquQqEUfJZKrMEzdv6gMJPyr2NZtZWcnQoqc8'

[2024-12-22 18:03:24] INFO: Cererea 'f42d' a fost procesta!
[2024-12-22 18:03:24] INFO: Se cauta adresa IP pentru domeniul: altex.ro
[2024-12-22 18:03:24] INFO: Se cauta raspunsul in cache...
[2024-12-22 18:03:24] ERROR: Raspunsul nu a fost gasit in cache!
[2024-12-22 18:03:24] INFO: Se cauta raspunsul in fiserele de zona...
[2024-12-22 18:03:24] INFO: Raspunsul a fost gasit in zona!
[2024-12-22 18:03:24] INFO: Se adauga domeniul altex.ro - "AAAA" in cache...
[2024-12-22 18:03:24] INFO: Adresa gasita: a654:b558:7ae6:f0b6:8a9a:7893:416e:ef5b

[2024-12-22 18:03:45] INFO: Cererea 'e92e' a fost procesta!
[2024-12-22 18:03:45] INFO: Se cauta adresa IP pentru domeniul: altex.ro
[2024-12-22 18:03:45] INFO: Se cauta raspunsul in cache...
[2024-12-22 18:03:45] ERROR: Raspunsul nu a fost gasit in cache!
[2024-12-22 18:03:45] INFO: Se cauta raspunsul in fiserele de zona...
[2024-12-22 18:03:45] INFO: Raspunsul a fost gasit in zona
[2024-12-22 18:03:45] INFO: Se adauga domeniul altex.ro - "TXT" in cache...
[2024-12-22 18:03:45] INFO: Adresa gasita: '9zh3BPSXdeTD2PdvdENDOWGU9LAtw6g2TOeY5V2BmXZZidUnwJ'

[2024-12-22 18:04:06] INFO: Cererea '6926' a fost procesta!
[2024-12-22 18:04:06] INFO: Cererea www.altex.ro este un subdomeniu
[2024-12-22 18:04:06] INFO: Se cauta adresa IP pentru subdomeniul: www.altex.ro
[2024-12-22 18:04:06] INFO: Se caută raspunsul in cache
[2024-12-22 18:04:06] INFO: Răspuns găsit în cache pentru subdomeniul: www.altex.ro
[2024-12-22 18:04:06] INFO: Adresa gasita: 'google-site-verification=1RurS6EquQqEUfJZKrMEzdv6gMJPyr2NZtZWcnQoqc8'

[2024-12-22 18:08:35] INFO: Cererea '3602' a fost procesta!
[2024-12-22 18:08:35] INFO: Cererea www.altex.ro este un subdomeniu
[2024-12-22 18:08:35] INFO: Se cauta adresa IP pentru subdomeniul: www.altex.ro
[2024-12-22 18:08:35] INFO: Se cauta raspunsul in cache...
[2024-12-22 18:08:35] INFO: Inregistrarea altex.ro - AAAA a expirat si va fi stearsa din cache!
[2024-12-22 18:08:35] INFO: Inregistrarea www.altex.ro - TXT a expirat si va fi stearsa din cache!
[2024-12-22 18:08:35] INFO: Inregistrarea www.altex.ro - A a expirat si va fi stearsa din cache!
[2024-12-22 18:08:35] INFO: Inregistrarea altex.ro - A a expirat si va fi stearsa din cache!
[2024-12-22 18:08:35] ERROR: Raspunsul nu a fost gasit in cache!
[2024-12-22 18:08:35] INFO: Domeniul principal este altex.ro
[2024-12-22 18:08:35] INFO: Se cauta raspunsul in fiserele de zona...
[2024-12-22 18:08:35] INFO: Raspunsul a fost gasit in zona!
[2024-12-22 18:08:35] INFO: Se adauga domeniul www.altex.ro - "A" in cache...
[2024-12-22 18:08:35] INFO: Adresa gasita: 126.255.30.228 

